2026-05-21T10:35:52.357+05:30  INFO 17268 --- [mill] [main] c.mill.sugarmill.SugarmillApplication    : Starting SugarmillApplication using Java 17.0.12 with PID 17268 (G:\resume\sugarmill\target\classes started by IMSRFZ in G:\resume\sugarmill)
2026-05-21T10:35:52.360+05:30  INFO 17268 --- [mill] [main] c.mill.sugarmill.SugarmillApplication    : No active profile set, falling back to 1 default profile: "default"
2026-05-21T10:35:52.951+05:30  INFO 17268 --- [mill] [main] .s.d.r.c.RepositoryConfigurationDelegate : Bootstrapping Spring Data JPA repositories in DEFAULT mode.
2026-05-21T10:35:52.965+05:30  INFO 17268 --- [mill] [main] .s.d.r.c.RepositoryConfigurationDelegate : Finished Spring Data repository scanning in 7 ms. Found 0 JPA repository interfaces.
2026-05-21T10:35:53.244+05:30  INFO 17268 --- [mill] [main] o.s.b.w.embedded.tomcat.TomcatWebServer  : Tomcat initialized with port 8080 (http)
2026-05-21T10:35:53.252+05:30  INFO 17268 --- [mill] [main] o.apache.catalina.core.StandardService   : Starting service [Tomcat]
2026-05-21T10:35:53.252+05:30  INFO 17268 --- [mill] [main] o.apache.catalina.core.StandardEngine    : Starting Servlet engine: [Apache Tomcat/10.1.54]
2026-05-21T10:35:53.287+05:30  INFO 17268 --- [mill] [main] o.a.c.c.C.[Tomcat].[localhost].[/]       : Initializing Spring embedded WebApplicationContext
2026-05-21T10:35:53.288+05:30  INFO 17268 --- [mill] [main] w.s.c.ServletWebServerApplicationContext : Root WebApplicationContext: initialization completed in 899 ms
2026-05-21T10:35:53.500+05:30  INFO 17268 --- [mill] [main] com.zaxxer.hikari.HikariDataSource       : HikariPool-Sugarmill - Starting...
2026-05-21T10:35:53.603+05:30  INFO 17268 --- [mill] [main] com.zaxxer.hikari.pool.HikariPool        : HikariPool-Sugarmill - Added connection org.postgresql.jdbc.PgConnection@24405466
2026-05-21T10:35:53.604+05:30  INFO 17268 --- [mill] [main] com.zaxxer.hikari.HikariDataSource       : HikariPool-Sugarmill - Start completed.
2026-05-21T10:35:53.624+05:30  INFO 17268 --- [mill] [main] org.flywaydb.core.FlywayExecutor         : Database: jdbc:postgresql://localhost:5432/sugarmill_pdb (PostgreSQL 16.13)
2026-05-21T10:35:53.670+05:30  INFO 17268 --- [mill] [main] o.f.core.internal.command.DbValidate     : Successfully validated 0 migrations (execution time 00:00.017s)
2026-05-21T10:35:53.670+05:30  WARN 17268 --- [mill] [main] o.f.core.internal.command.DbValidate     : No migrations found. Are your locations set up correctly?
2026-05-21T10:35:53.712+05:30  INFO 17268 --- [mill] [main] o.f.core.internal.command.DbMigrate      : Current version of schema "public": << Empty Schema >>
2026-05-21T10:35:53.715+05:30  INFO 17268 --- [mill] [main] o.f.core.internal.command.DbMigrate      : Schema "public" is up to date. No migration necessary.
2026-05-21T10:35:53.773+05:30  INFO 17268 --- [mill] [main] o.hibernate.jpa.internal.util.LogHelper  : HHH000204: Processing PersistenceUnitInfo [name: default]
2026-05-21T10:35:53.803+05:30  INFO 17268 --- [mill] [main] org.hibernate.Version                    : HHH000412: Hibernate ORM core version 6.6.49.Final
2026-05-21T10:35:53.823+05:30  INFO 17268 --- [mill] [main] o.h.c.internal.RegionFactoryInitiator    : HHH000026: Second-level cache disabled
2026-05-21T10:35:53.966+05:30  INFO 17268 --- [mill] [main] o.s.o.j.p.SpringPersistenceUnitInfo      : No LoadTimeWeaver setup: ignoring JPA class transformer
2026-05-21T10:35:54.003+05:30  WARN 17268 --- [mill] [main] org.hibernate.orm.deprecation            : HHH90000025: PostgreSQLDialect does not need to be specified explicitly using 'hibernate.dialect' (remove the property setting and it will be selected by default)
2026-05-21T10:35:54.014+05:30  INFO 17268 --- [mill] [main] org.hibernate.orm.connections.pooling    : HHH10001005: Database info:
	Database JDBC URL [Connecting through datasource 'HikariDataSource (HikariPool-Sugarmill)']
	Database driver: undefined/unknown
	Database version: 16.13
	Autocommit mode: undefined/unknown
	Isolation level: undefined/unknown
	Minimum pool size: undefined/unknown
	Maximum pool size: undefined/unknown
2026-05-21T10:35:54.200+05:30  INFO 17268 --- [mill] [main] o.h.e.t.j.p.i.JtaPlatformInitiator       : HHH000489: No JTA platform available (set 'hibernate.transaction.jta.platform' to enable JTA platform integration)
2026-05-21T10:35:54.204+05:30  INFO 17268 --- [mill] [main] j.LocalContainerEntityManagerFactoryBean : Initialized JPA EntityManagerFactory for persistence unit 'default'
2026-05-21T10:35:54.399+05:30  INFO 17268 --- [mill] [main] o.s.b.a.e.web.EndpointLinksResolver      : Exposing 4 endpoints beneath base path '/actuator'
2026-05-21T10:35:54.417+05:30  WARN 17268 --- [mill] [main] .s.s.UserDetailsServiceAutoConfiguration : 

Using generated security password: 4f0e5282-c868-490c-bd2f-415c0203d1fc

This generated password is for development use only. Your security configuration must be updated before running your application in production.

2026-05-21T10:35:54.422+05:30  INFO 17268 --- [mill] [main] r$InitializeUserDetailsManagerConfigurer : Global AuthenticationManager configured with UserDetailsService bean with name inMemoryUserDetailsManager
2026-05-21T10:35:54.700+05:30  INFO 17268 --- [mill] [main] o.s.b.w.embedded.tomcat.TomcatWebServer  : Tomcat started on port 8080 (http) with context path '/'
2026-05-21T10:35:54.714+05:30  INFO 17268 --- [mill] [main] c.mill.sugarmill.SugarmillApplication    : Started SugarmillApplication in 2.788 seconds (process running for 3.275)
2026-05-21T10:35:55.119+05:30  INFO 17268 --- [mill] [RMI TCP Connection(3)-172.27.224.1] o.a.c.c.C.[Tomcat].[localhost].[/]       : Initializing Spring DispatcherServlet 'dispatcherServlet'
2026-05-21T10:35:55.120+05:30  INFO 17268 --- [mill] [RMI TCP Connection(3)-172.27.224.1] o.s.web.servlet.DispatcherServlet        : Initializing Servlet 'dispatcherServlet'
2026-05-21T10:35:55.120+05:30  INFO 17268 --- [mill] [RMI TCP Connection(3)-172.27.224.1] o.s.web.servlet.DispatcherServlet        : Completed initialization in 0 ms
2026-05-21T10:35:57.861+05:30  WARN 17268 --- [mill] [http-nio-8080-exec-1] o.s.web.servlet.PageNotFound             : No mapping for GET /
2026-05-21T10:35:57.867+05:30  WARN 17268 --- [mill] [http-nio-8080-exec-1] o.s.web.servlet.PageNotFound             : No endpoint GET /.
2026-05-21T10:35:58.656+05:30  WARN 17268 --- [mill] [http-nio-8080-exec-2] o.s.web.servlet.PageNotFound             : No mapping for GET /
2026-05-21T10:35:58.657+05:30  WARN 17268 --- [mill] [http-nio-8080-exec-2] o.s.web.servlet.PageNotFound             : No endpoint GET /.
2026-05-21T10:35:58.812+05:30  WARN 17268 --- [mill] [http-nio-8080-exec-6] o.s.web.servlet.PageNotFound             : No mapping for GET /
2026-05-21T10:35:58.813+05:30  WARN 17268 --- [mill] [http-nio-8080-exec-6] o.s.web.servlet.PageNotFound             : No endpoint GET /.
2026-05-21T10:35:58.959+05:30  WARN 17268 --- [mill] [http-nio-8080-exec-8] o.s.web.servlet.PageNotFound             : No mapping for GET /
2026-05-21T10:35:58.960+05:30  WARN 17268 --- [mill] [http-nio-8080-exec-8] o.s.web.servlet.PageNotFound             : No endpoint GET /.
2026-05-21T10:36:00.470+05:30  WARN 17268 --- [mill] [http-nio-8080-exec-5] o.s.web.servlet.PageNotFound             : No mapping for GET /
2026-05-21T10:36:00.472+05:30  WARN 17268 --- [mill] [http-nio-8080-exec-5] o.s.web.servlet.PageNotFound             : No endpoint GET /.
2026-05-21T10:54:35.131+05:30  INFO 17268 --- [mill] [SpringApplicationShutdownHook] o.s.b.w.e.tomcat.GracefulShutdown        : Commencing graceful shutdown. Waiting for active requests to complete
2026-05-21T10:54:35.339+05:30  INFO 17268 --- [mill] [tomcat-shutdown] o.s.b.w.e.tomcat.GracefulShutdown        : Graceful shutdown complete
2026-05-21T10:54:35.344+05:30  INFO 17268 --- [mill] [SpringApplicationShutdownHook] j.LocalContainerEntityManagerFactoryBean : Closing JPA EntityManagerFactory for persistence unit 'default'
2026-05-21T10:54:35.346+05:30  INFO 17268 --- [mill] [SpringApplicationShutdownHook] com.zaxxer.hikari.HikariDataSource       : HikariPool-Sugarmill - Shutdown initiated...
2026-05-21T10:54:35.348+05:30  INFO 17268 --- [mill] [SpringApplicationShutdownHook] com.zaxxer.hikari.HikariDataSource       : HikariPool-Sugarmill - Shutdown completed.
2026-05-21T10:54:37.187+05:30  INFO 35976 --- [mill] [main] c.mill.sugarmill.SugarmillApplication    : Starting SugarmillApplication using Java 17.0.12 with PID 35976 (G:\resume\sugarmill\target\classes started by IMSRFZ in G:\resume\sugarmill)
2026-05-21T10:54:37.189+05:30  INFO 35976 --- [mill] [main] c.mill.sugarmill.SugarmillApplication    : No active profile set, falling back to 1 default profile: "default"
2026-05-21T10:54:37.849+05:30  INFO 35976 --- [mill] [main] .s.d.r.c.RepositoryConfigurationDelegate : Bootstrapping Spring Data JPA repositories in DEFAULT mode.
2026-05-21T10:54:37.866+05:30  INFO 35976 --- [mill] [main] .s.d.r.c.RepositoryConfigurationDelegate : Finished Spring Data repository scanning in 10 ms. Found 0 JPA repository interfaces.
2026-05-21T10:54:38.190+05:30  INFO 35976 --- [mill] [main] o.s.b.w.embedded.tomcat.TomcatWebServer  : Tomcat initialized with port 8080 (http)
2026-05-21T10:54:38.199+05:30  INFO 35976 --- [mill] [main] o.apache.catalina.core.StandardService   : Starting service [Tomcat]
2026-05-21T10:54:38.199+05:30  INFO 35976 --- [mill] [main] o.apache.catalina.core.StandardEngine    : Starting Servlet engine: [Apache Tomcat/10.1.54]
2026-05-21T10:54:38.236+05:30  INFO 35976 --- [mill] [main] o.a.c.c.C.[Tomcat].[localhost].[/]       : Initializing Spring embedded WebApplicationContext
2026-05-21T10:54:38.237+05:30  INFO 35976 --- [mill] [main] w.s.c.ServletWebServerApplicationContext : Root WebApplicationContext: initialization completed in 1016 ms
2026-05-21T10:54:38.475+05:30  INFO 35976 --- [mill] [main] com.zaxxer.hikari.HikariDataSource       : HikariPool-Sugarmill - Starting...
2026-05-21T10:54:38.576+05:30  INFO 35976 --- [mill] [main] com.zaxxer.hikari.pool.HikariPool        : HikariPool-Sugarmill - Added connection org.postgresql.jdbc.PgConnection@27438750
2026-05-21T10:54:38.577+05:30  INFO 35976 --- [mill] [main] com.zaxxer.hikari.HikariDataSource       : HikariPool-Sugarmill - Start completed.
2026-05-21T10:54:38.598+05:30  INFO 35976 --- [mill] [main] org.flywaydb.core.FlywayExecutor         : Database: jdbc:postgresql://localhost:5432/sugarmill_pdb (PostgreSQL 16.13)
2026-05-21T10:54:38.638+05:30  INFO 35976 --- [mill] [main] o.f.core.internal.command.DbValidate     : Successfully validated 0 migrations (execution time 00:00.015s)
2026-05-21T10:54:38.638+05:30  WARN 35976 --- [mill] [main] o.f.core.internal.command.DbValidate     : No migrations found. Are your locations set up correctly?
2026-05-21T10:54:38.679+05:30  INFO 35976 --- [mill] [main] o.f.core.internal.command.DbMigrate      : Current version of schema "public": << Empty Schema >>
2026-05-21T10:54:38.683+05:30  INFO 35976 --- [mill] [main] o.f.core.internal.command.DbMigrate      : Schema "public" is up to date. No migration necessary.
2026-05-21T10:54:38.744+05:30  INFO 35976 --- [mill] [main] o.hibernate.jpa.internal.util.LogHelper  : HHH000204: Processing PersistenceUnitInfo [name: default]
2026-05-21T10:54:38.778+05:30  INFO 35976 --- [mill] [main] org.hibernate.Version                    : HHH000412: Hibernate ORM core version 6.6.49.Final
2026-05-21T10:54:38.799+05:30  INFO 35976 --- [mill] [main] o.h.c.internal.RegionFactoryInitiator    : HHH000026: Second-level cache disabled
2026-05-21T10:54:38.971+05:30  INFO 35976 --- [mill] [main] o.s.o.j.p.SpringPersistenceUnitInfo      : No LoadTimeWeaver setup: ignoring JPA class transformer
2026-05-21T10:54:39.012+05:30  WARN 35976 --- [mill] [main] org.hibernate.orm.deprecation            : HHH90000025: PostgreSQLDialect does not need to be specified explicitly using 'hibernate.dialect' (remove the property setting and it will be selected by default)
2026-05-21T10:54:39.025+05:30  INFO 35976 --- [mill] [main] org.hibernate.orm.connections.pooling    : HHH10001005: Database info:
	Database JDBC URL [Connecting through datasource 'HikariDataSource (HikariPool-Sugarmill)']
	Database driver: undefined/unknown
	Database version: 16.13
	Autocommit mode: undefined/unknown
	Isolation level: undefined/unknown
	Minimum pool size: undefined/unknown
	Maximum pool size: undefined/unknown
2026-05-21T10:54:39.231+05:30  INFO 35976 --- [mill] [main] o.h.e.t.j.p.i.JtaPlatformInitiator       : HHH000489: No JTA platform available (set 'hibernate.transaction.jta.platform' to enable JTA platform integration)
2026-05-21T10:54:39.233+05:30  INFO 35976 --- [mill] [main] j.LocalContainerEntityManagerFactoryBean : Initialized JPA EntityManagerFactory for persistence unit 'default'
2026-05-21T10:54:39.441+05:30  INFO 35976 --- [mill] [main] o.s.b.a.e.web.EndpointLinksResolver      : Exposing 4 endpoints beneath base path '/actuator'
2026-05-21T10:54:39.460+05:30  WARN 35976 --- [mill] [main] .s.s.UserDetailsServiceAutoConfiguration : 

Using generated security password: 445faec4-46d4-4a44-9c17-789ee7bf682a

This generated password is for development use only. Your security configuration must be updated before running your application in production.

2026-05-21T10:54:39.464+05:30  INFO 35976 --- [mill] [main] r$InitializeUserDetailsManagerConfigurer : Global AuthenticationManager configured with UserDetailsService bean with name inMemoryUserDetailsManager
2026-05-21T10:54:39.737+05:30  INFO 35976 --- [mill] [main] o.s.b.w.embedded.tomcat.TomcatWebServer  : Tomcat started on port 8080 (http) with context path '/'
2026-05-21T10:54:39.754+05:30  INFO 35976 --- [mill] [main] c.mill.sugarmill.SugarmillApplication    : Started SugarmillApplication in 2.988 seconds (process running for 3.509)
2026-05-21T10:54:40.171+05:30  INFO 35976 --- [mill] [RMI TCP Connection(1)-172.27.224.1] o.a.c.c.C.[Tomcat].[localhost].[/]       : Initializing Spring DispatcherServlet 'dispatcherServlet'
2026-05-21T10:54:40.172+05:30  INFO 35976 --- [mill] [RMI TCP Connection(1)-172.27.224.1] o.s.web.servlet.DispatcherServlet        : Initializing Servlet 'dispatcherServlet'
2026-05-21T10:54:40.173+05:30  INFO 35976 --- [mill] [RMI TCP Connection(1)-172.27.224.1] o.s.web.servlet.DispatcherServlet        : Completed initialization in 1 ms
2026-05-21T10:56:13.527+05:30  INFO 35976 --- [mill] [SpringApplicationShutdownHook] o.s.b.w.e.tomcat.GracefulShutdown        : Commencing graceful shutdown. Waiting for active requests to complete
2026-05-21T10:56:13.698+05:30  INFO 35976 --- [mill] [tomcat-shutdown] o.s.b.w.e.tomcat.GracefulShutdown        : Graceful shutdown complete
2026-05-21T10:56:13.704+05:30  INFO 35976 --- [mill] [SpringApplicationShutdownHook] j.LocalContainerEntityManagerFactoryBean : Closing JPA EntityManagerFactory for persistence unit 'default'
2026-05-21T10:56:13.705+05:30  INFO 35976 --- [mill] [SpringApplicationShutdownHook] com.zaxxer.hikari.HikariDataSource       : HikariPool-Sugarmill - Shutdown initiated...
2026-05-21T10:56:13.707+05:30  INFO 35976 --- [mill] [SpringApplicationShutdownHook] com.zaxxer.hikari.HikariDataSource       : HikariPool-Sugarmill - Shutdown completed.
2026-05-21T10:56:15.317+05:30  INFO 6628 --- [mill] [main] c.mill.sugarmill.SugarmillApplication    : Starting SugarmillApplication using Java 17.0.12 with PID 6628 (G:\resume\sugarmill\target\classes started by IMSRFZ in G:\resume\sugarmill)
2026-05-21T10:56:15.319+05:30  INFO 6628 --- [mill] [main] c.mill.sugarmill.SugarmillApplication    : No active profile set, falling back to 1 default profile: "default"
2026-05-21T10:56:15.933+05:30  INFO 6628 --- [mill] [main] .s.d.r.c.RepositoryConfigurationDelegate : Bootstrapping Spring Data JPA repositories in DEFAULT mode.
2026-05-21T10:56:15.945+05:30  INFO 6628 --- [mill] [main] .s.d.r.c.RepositoryConfigurationDelegate : Finished Spring Data repository scanning in 6 ms. Found 0 JPA repository interfaces.
2026-05-21T10:56:16.246+05:30  INFO 6628 --- [mill] [main] o.s.b.w.embedded.tomcat.TomcatWebServer  : Tomcat initialized with port 8080 (http)
2026-05-21T10:56:16.255+05:30  INFO 6628 --- [mill] [main] o.apache.catalina.core.StandardService   : Starting service [Tomcat]
2026-05-21T10:56:16.255+05:30  INFO 6628 --- [mill] [main] o.apache.catalina.core.StandardEngine    : Starting Servlet engine: [Apache Tomcat/10.1.54]
2026-05-21T10:56:16.291+05:30  INFO 6628 --- [mill] [main] o.a.c.c.C.[Tomcat].[localhost].[/]       : Initializing Spring embedded WebApplicationContext
2026-05-21T10:56:16.291+05:30  INFO 6628 --- [mill] [main] w.s.c.ServletWebServerApplicationContext : Root WebApplicationContext: initialization completed in 939 ms
2026-05-21T10:56:16.502+05:30  INFO 6628 --- [mill] [main] com.zaxxer.hikari.HikariDataSource       : HikariPool-Sugarmill - Starting...
2026-05-21T10:56:16.596+05:30  INFO 6628 --- [mill] [main] com.zaxxer.hikari.pool.HikariPool        : HikariPool-Sugarmill - Added connection org.postgresql.jdbc.PgConnection@134d7ffa
2026-05-21T10:56:16.597+05:30  INFO 6628 --- [mill] [main] com.zaxxer.hikari.HikariDataSource       : HikariPool-Sugarmill - Start completed.
2026-05-21T10:56:16.616+05:30  INFO 6628 --- [mill] [main] org.flywaydb.core.FlywayExecutor         : Database: jdbc:postgresql://localhost:5432/sugarmill_pdb (PostgreSQL 16.13)
2026-05-21T10:56:16.651+05:30  INFO 6628 --- [mill] [main] o.f.core.internal.command.DbValidate     : Successfully validated 0 migrations (execution time 00:00.014s)
2026-05-21T10:56:16.651+05:30  WARN 6628 --- [mill] [main] o.f.core.internal.command.DbValidate     : No migrations found. Are your locations set up correctly?
2026-05-21T10:56:16.689+05:30  INFO 6628 --- [mill] [main] o.f.core.internal.command.DbMigrate      : Current version of schema "public": << Empty Schema >>
2026-05-21T10:56:16.692+05:30  INFO 6628 --- [mill] [main] o.f.core.internal.command.DbMigrate      : Schema "public" is up to date. No migration necessary.
2026-05-21T10:56:16.751+05:30  INFO 6628 --- [mill] [main] o.hibernate.jpa.internal.util.LogHelper  : HHH000204: Processing PersistenceUnitInfo [name: default]
2026-05-21T10:56:16.784+05:30  INFO 6628 --- [mill] [main] org.hibernate.Version                    : HHH000412: Hibernate ORM core version 6.6.49.Final
2026-05-21T10:56:16.807+05:30  INFO 6628 --- [mill] [main] o.h.c.internal.RegionFactoryInitiator    : HHH000026: Second-level cache disabled
2026-05-21T10:56:16.951+05:30  INFO 6628 --- [mill] [main] o.s.o.j.p.SpringPersistenceUnitInfo      : No LoadTimeWeaver setup: ignoring JPA class transformer
2026-05-21T10:56:16.991+05:30  WARN 6628 --- [mill] [main] org.hibernate.orm.deprecation            : HHH90000025: PostgreSQLDialect does not need to be specified explicitly using 'hibernate.dialect' (remove the property setting and it will be selected by default)
2026-05-21T10:56:17.003+05:30  INFO 6628 --- [mill] [main] org.hibernate.orm.connections.pooling    : HHH10001005: Database info:
	Database JDBC URL [Connecting through datasource 'HikariDataSource (HikariPool-Sugarmill)']
	Database driver: undefined/unknown
	Database version: 16.13
	Autocommit mode: undefined/unknown
	Isolation level: undefined/unknown
	Minimum pool size: undefined/unknown
	Maximum pool size: undefined/unknown
2026-05-21T10:56:17.187+05:30  INFO 6628 --- [mill] [main] o.h.e.t.j.p.i.JtaPlatformInitiator       : HHH000489: No JTA platform available (set 'hibernate.transaction.jta.platform' to enable JTA platform integration)
2026-05-21T10:56:17.190+05:30  INFO 6628 --- [mill] [main] j.LocalContainerEntityManagerFactoryBean : Initialized JPA EntityManagerFactory for persistence unit 'default'
2026-05-21T10:56:17.389+05:30  INFO 6628 --- [mill] [main] o.s.b.a.e.web.EndpointLinksResolver      : Exposing 4 endpoints beneath base path '/actuator'
2026-05-21T10:56:17.406+05:30  WARN 6628 --- [mill] [main] .s.s.UserDetailsServiceAutoConfiguration : 

Using generated security password: 2e894769-4f58-4063-adc6-3da900048501

This generated password is for development use only. Your security configuration must be updated before running your application in production.

2026-05-21T10:56:17.411+05:30  INFO 6628 --- [mill] [main] r$InitializeUserDetailsManagerConfigurer : Global AuthenticationManager configured with UserDetailsService bean with name inMemoryUserDetailsManager
2026-05-21T10:56:17.664+05:30  INFO 6628 --- [mill] [main] o.s.b.w.embedded.tomcat.TomcatWebServer  : Tomcat started on port 8080 (http) with context path '/'
2026-05-21T10:56:17.674+05:30  INFO 6628 --- [mill] [main] c.mill.sugarmill.SugarmillApplication    : Started SugarmillApplication in 2.777 seconds (process running for 3.245)
2026-05-21T10:56:18.271+05:30  INFO 6628 --- [mill] [RMI TCP Connection(2)-172.27.224.1] o.a.c.c.C.[Tomcat].[localhost].[/]       : Initializing Spring DispatcherServlet 'dispatcherServlet'
2026-05-21T10:56:18.271+05:30  INFO 6628 --- [mill] [RMI TCP Connection(2)-172.27.224.1] o.s.web.servlet.DispatcherServlet        : Initializing Servlet 'dispatcherServlet'
2026-05-21T10:56:18.273+05:30  INFO 6628 --- [mill] [RMI TCP Connection(2)-172.27.224.1] o.s.web.servlet.DispatcherServlet        : Completed initialization in 0 ms
2026-05-21T10:58:06.966+05:30  INFO 6628 --- [mill] [SpringApplicationShutdownHook] o.s.b.w.e.tomcat.GracefulShutdown        : Commencing graceful shutdown. Waiting for active requests to complete
2026-05-21T10:58:07.148+05:30  INFO 6628 --- [mill] [tomcat-shutdown] o.s.b.w.e.tomcat.GracefulShutdown        : Graceful shutdown complete
2026-05-21T10:58:07.153+05:30  INFO 6628 --- [mill] [SpringApplicationShutdownHook] j.LocalContainerEntityManagerFactoryBean : Closing JPA EntityManagerFactory for persistence unit 'default'
2026-05-21T10:58:07.155+05:30  INFO 6628 --- [mill] [SpringApplicationShutdownHook] com.zaxxer.hikari.HikariDataSource       : HikariPool-Sugarmill - Shutdown initiated...
2026-05-21T10:58:07.157+05:30  INFO 6628 --- [mill] [SpringApplicationShutdownHook] com.zaxxer.hikari.HikariDataSource       : HikariPool-Sugarmill - Shutdown completed.
2026-05-21T10:58:08.988+05:30  INFO 17056 --- [mill] [main] c.mill.sugarmill.SugarmillApplication    : Starting SugarmillApplication using Java 17.0.12 with PID 17056 (G:\resume\sugarmill\target\classes started by IMSRFZ in G:\resume\sugarmill)
2026-05-21T10:58:08.991+05:30  INFO 17056 --- [mill] [main] c.mill.sugarmill.SugarmillApplication    : No active profile set, falling back to 1 default profile: "default"
2026-05-21T10:58:09.567+05:30  INFO 17056 --- [mill] [main] .s.d.r.c.RepositoryConfigurationDelegate : Bootstrapping Spring Data JPA repositories in DEFAULT mode.
2026-05-21T10:58:09.580+05:30  INFO 17056 --- [mill] [main] .s.d.r.c.RepositoryConfigurationDelegate : Finished Spring Data repository scanning in 7 ms. Found 0 JPA repository interfaces.
2026-05-21T10:58:09.855+05:30  INFO 17056 --- [mill] [main] o.s.b.w.embedded.tomcat.TomcatWebServer  : Tomcat initialized with port 8080 (http)
2026-05-21T10:58:09.862+05:30  INFO 17056 --- [mill] [main] o.apache.catalina.core.StandardService   : Starting service [Tomcat]
2026-05-21T10:58:09.862+05:30  INFO 17056 --- [mill] [main] o.apache.catalina.core.StandardEngine    : Starting Servlet engine: [Apache Tomcat/10.1.54]
2026-05-21T10:58:09.896+05:30  INFO 17056 --- [mill] [main] o.a.c.c.C.[Tomcat].[localhost].[/]       : Initializing Spring embedded WebApplicationContext
2026-05-21T10:58:09.896+05:30  INFO 17056 --- [mill] [main] w.s.c.ServletWebServerApplicationContext : Root WebApplicationContext: initialization completed in 877 ms
2026-05-21T10:58:10.111+05:30  INFO 17056 --- [mill] [main] com.zaxxer.hikari.HikariDataSource       : HikariPool-Sugarmill - Starting...
2026-05-21T10:58:10.202+05:30  INFO 17056 --- [mill] [main] com.zaxxer.hikari.pool.HikariPool        : HikariPool-Sugarmill - Added connection org.postgresql.jdbc.PgConnection@350d26f3
2026-05-21T10:58:10.204+05:30  INFO 17056 --- [mill] [main] com.zaxxer.hikari.HikariDataSource       : HikariPool-Sugarmill - Start completed.
2026-05-21T10:58:10.219+05:30  INFO 17056 --- [mill] [main] o.f.c.i.resource.ResourceNameValidator   : 1 SQL migrations were detected but not run because they did not follow the filename convention.
2026-05-21T10:58:10.220+05:30  INFO 17056 --- [mill] [main] o.f.c.i.resource.ResourceNameValidator   : Set 'validateMigrationNaming' to true to fail fast and see a list of the invalid file names.
2026-05-21T10:58:10.224+05:30  INFO 17056 --- [mill] [main] org.flywaydb.core.FlywayExecutor         : Database: jdbc:postgresql://localhost:5432/sugarmill_pdb (PostgreSQL 16.13)
2026-05-21T10:58:10.264+05:30  INFO 17056 --- [mill] [main] o.f.core.internal.command.DbValidate     : Successfully validated 0 migrations (execution time 00:00.016s)
2026-05-21T10:58:10.264+05:30  WARN 17056 --- [mill] [main] o.f.core.internal.command.DbValidate     : No migrations found. Are your locations set up correctly?
2026-05-21T10:58:10.303+05:30  INFO 17056 --- [mill] [main] o.f.core.internal.command.DbMigrate      : Current version of schema "public": << Empty Schema >>
2026-05-21T10:58:10.305+05:30  INFO 17056 --- [mill] [main] o.f.core.internal.command.DbMigrate      : Schema "public" is up to date. No migration necessary.
2026-05-21T10:58:10.361+05:30  INFO 17056 --- [mill] [main] o.hibernate.jpa.internal.util.LogHelper  : HHH000204: Processing PersistenceUnitInfo [name: default]
2026-05-21T10:58:10.396+05:30  INFO 17056 --- [mill] [main] org.hibernate.Version                    : HHH000412: Hibernate ORM core version 6.6.49.Final
2026-05-21T10:58:10.424+05:30  INFO 17056 --- [mill] [main] o.h.c.internal.RegionFactoryInitiator    : HHH000026: Second-level cache disabled
2026-05-21T10:58:10.568+05:30  INFO 17056 --- [mill] [main] o.s.o.j.p.SpringPersistenceUnitInfo      : No LoadTimeWeaver setup: ignoring JPA class transformer
2026-05-21T10:58:10.605+05:30  WARN 17056 --- [mill] [main] org.hibernate.orm.deprecation            : HHH90000025: PostgreSQLDialect does not need to be specified explicitly using 'hibernate.dialect' (remove the property setting and it will be selected by default)
2026-05-21T10:58:10.615+05:30  INFO 17056 --- [mill] [main] org.hibernate.orm.connections.pooling    : HHH10001005: Database info:
	Database JDBC URL [Connecting through datasource 'HikariDataSource (HikariPool-Sugarmill)']
	Database driver: undefined/unknown
	Database version: 16.13
	Autocommit mode: undefined/unknown
	Isolation level: undefined/unknown
	Minimum pool size: undefined/unknown
	Maximum pool size: undefined/unknown
2026-05-21T10:58:10.791+05:30  INFO 17056 --- [mill] [main] o.h.e.t.j.p.i.JtaPlatformInitiator       : HHH000489: No JTA platform available (set 'hibernate.transaction.jta.platform' to enable JTA platform integration)
2026-05-21T10:58:10.793+05:30  INFO 17056 --- [mill] [main] j.LocalContainerEntityManagerFactoryBean : Initialized JPA EntityManagerFactory for persistence unit 'default'
2026-05-21T10:58:10.983+05:30  INFO 17056 --- [mill] [main] o.s.b.a.e.web.EndpointLinksResolver      : Exposing 4 endpoints beneath base path '/actuator'
2026-05-21T10:58:11.002+05:30  WARN 17056 --- [mill] [main] .s.s.UserDetailsServiceAutoConfiguration : 

Using generated security password: b3e77d58-5894-4fe7-ab3b-75c68ae1be47

This generated password is for development use only. Your security configuration must be updated before running your application in production.

2026-05-21T10:58:11.006+05:30  INFO 17056 --- [mill] [main] r$InitializeUserDetailsManagerConfigurer : Global AuthenticationManager configured with UserDetailsService bean with name inMemoryUserDetailsManager
2026-05-21T10:58:11.276+05:30  INFO 17056 --- [mill] [main] o.s.b.w.embedded.tomcat.TomcatWebServer  : Tomcat started on port 8080 (http) with context path '/'
2026-05-21T10:58:11.290+05:30  INFO 17056 --- [mill] [main] c.mill.sugarmill.SugarmillApplication    : Started SugarmillApplication in 2.69 seconds (process running for 3.269)
2026-05-21T10:58:11.510+05:30  INFO 17056 --- [mill] [RMI TCP Connection(4)-172.27.224.1] o.a.c.c.C.[Tomcat].[localhost].[/]       : Initializing Spring DispatcherServlet 'dispatcherServlet'
2026-05-21T10:58:11.510+05:30  INFO 17056 --- [mill] [RMI TCP Connection(4)-172.27.224.1] o.s.web.servlet.DispatcherServlet        : Initializing Servlet 'dispatcherServlet'
2026-05-21T10:58:11.512+05:30  INFO 17056 --- [mill] [RMI TCP Connection(4)-172.27.224.1] o.s.web.servlet.DispatcherServlet        : Completed initialization in 2 ms
2026-05-21T10:58:32.815+05:30  INFO 17056 --- [mill] [SpringApplicationShutdownHook] o.s.b.w.e.tomcat.GracefulShutdown        : Commencing graceful shutdown. Waiting for active requests to complete
2026-05-21T10:58:32.989+05:30  INFO 17056 --- [mill] [tomcat-shutdown] o.s.b.w.e.tomcat.GracefulShutdown        : Graceful shutdown complete
2026-05-21T10:58:32.993+05:30  INFO 17056 --- [mill] [SpringApplicationShutdownHook] j.LocalContainerEntityManagerFactoryBean : Closing JPA EntityManagerFactory for persistence unit 'default'
2026-05-21T10:58:32.995+05:30  INFO 17056 --- [mill] [SpringApplicationShutdownHook] com.zaxxer.hikari.HikariDataSource       : HikariPool-Sugarmill - Shutdown initiated...
2026-05-21T10:58:32.997+05:30  INFO 17056 --- [mill] [SpringApplicationShutdownHook] com.zaxxer.hikari.HikariDataSource       : HikariPool-Sugarmill - Shutdown completed.
2026-05-21T10:58:34.648+05:30  INFO 6744 --- [mill] [main] c.mill.sugarmill.SugarmillApplication    : Starting SugarmillApplication using Java 17.0.12 with PID 6744 (G:\resume\sugarmill\target\classes started by IMSRFZ in G:\resume\sugarmill)
2026-05-21T10:58:34.650+05:30  INFO 6744 --- [mill] [main] c.mill.sugarmill.SugarmillApplication    : No active profile set, falling back to 1 default profile: "default"
2026-05-21T10:58:35.206+05:30  INFO 6744 --- [mill] [main] .s.d.r.c.RepositoryConfigurationDelegate : Bootstrapping Spring Data JPA repositories in DEFAULT mode.
2026-05-21T10:58:35.218+05:30  INFO 6744 --- [mill] [main] .s.d.r.c.RepositoryConfigurationDelegate : Finished Spring Data repository scanning in 6 ms. Found 0 JPA repository interfaces.
2026-05-21T10:58:35.494+05:30  INFO 6744 --- [mill] [main] o.s.b.w.embedded.tomcat.TomcatWebServer  : Tomcat initialized with port 8080 (http)
2026-05-21T10:58:35.501+05:30  INFO 6744 --- [mill] [main] o.apache.catalina.core.StandardService   : Starting service [Tomcat]
2026-05-21T10:58:35.502+05:30  INFO 6744 --- [mill] [main] o.apache.catalina.core.StandardEngine    : Starting Servlet engine: [Apache Tomcat/10.1.54]
2026-05-21T10:58:35.535+05:30  INFO 6744 --- [mill] [main] o.a.c.c.C.[Tomcat].[localhost].[/]       : Initializing Spring embedded WebApplicationContext
2026-05-21T10:58:35.536+05:30  INFO 6744 --- [mill] [main] w.s.c.ServletWebServerApplicationContext : Root WebApplicationContext: initialization completed in 856 ms
2026-05-21T10:58:35.735+05:30  INFO 6744 --- [mill] [main] com.zaxxer.hikari.HikariDataSource       : HikariPool-Sugarmill - Starting...
2026-05-21T10:58:35.828+05:30  INFO 6744 --- [mill] [main] com.zaxxer.hikari.pool.HikariPool        : HikariPool-Sugarmill - Added connection org.postgresql.jdbc.PgConnection@c6a692e
2026-05-21T10:58:35.829+05:30  INFO 6744 --- [mill] [main] com.zaxxer.hikari.HikariDataSource       : HikariPool-Sugarmill - Start completed.
2026-05-21T10:58:35.845+05:30  INFO 6744 --- [mill] [main] o.f.c.i.resource.ResourceNameValidator   : 1 SQL migrations were detected but not run because they did not follow the filename convention.
2026-05-21T10:58:35.845+05:30  INFO 6744 --- [mill] [main] o.f.c.i.resource.ResourceNameValidator   : Set 'validateMigrationNaming' to true to fail fast and see a list of the invalid file names.
2026-05-21T10:58:35.849+05:30  INFO 6744 --- [mill] [main] org.flywaydb.core.FlywayExecutor         : Database: jdbc:postgresql://localhost:5432/sugarmill_pdb (PostgreSQL 16.13)
2026-05-21T10:58:35.886+05:30  INFO 6744 --- [mill] [main] o.f.core.internal.command.DbValidate     : Successfully validated 0 migrations (execution time 00:00.014s)
2026-05-21T10:58:35.887+05:30  WARN 6744 --- [mill] [main] o.f.core.internal.command.DbValidate     : No migrations found. Are your locations set up correctly?
2026-05-21T10:58:35.923+05:30  INFO 6744 --- [mill] [main] o.f.core.internal.command.DbMigrate      : Current version of schema "public": << Empty Schema >>
2026-05-21T10:58:35.927+05:30  INFO 6744 --- [mill] [main] o.f.core.internal.command.DbMigrate      : Schema "public" is up to date. No migration necessary.
2026-05-21T10:58:35.985+05:30  INFO 6744 --- [mill] [main] o.hibernate.jpa.internal.util.LogHelper  : HHH000204: Processing PersistenceUnitInfo [name: default]
2026-05-21T10:58:36.017+05:30  INFO 6744 --- [mill] [main] org.hibernate.Version                    : HHH000412: Hibernate ORM core version 6.6.49.Final
2026-05-21T10:58:36.038+05:30  INFO 6744 --- [mill] [main] o.h.c.internal.RegionFactoryInitiator    : HHH000026: Second-level cache disabled
2026-05-21T10:58:36.183+05:30  INFO 6744 --- [mill] [main] o.s.o.j.p.SpringPersistenceUnitInfo      : No LoadTimeWeaver setup: ignoring JPA class transformer
2026-05-21T10:58:36.223+05:30  WARN 6744 --- [mill] [main] org.hibernate.orm.deprecation            : HHH90000025: PostgreSQLDialect does not need to be specified explicitly using 'hibernate.dialect' (remove the property setting and it will be selected by default)
2026-05-21T10:58:36.236+05:30  INFO 6744 --- [mill] [main] org.hibernate.orm.connections.pooling    : HHH10001005: Database info:
	Database JDBC URL [Connecting through datasource 'HikariDataSource (HikariPool-Sugarmill)']
	Database driver: undefined/unknown
	Database version: 16.13
	Autocommit mode: undefined/unknown
	Isolation level: undefined/unknown
	Minimum pool size: undefined/unknown
	Maximum pool size: undefined/unknown
2026-05-21T10:58:36.413+05:30  INFO 6744 --- [mill] [main] o.h.e.t.j.p.i.JtaPlatformInitiator       : HHH000489: No JTA platform available (set 'hibernate.transaction.jta.platform' to enable JTA platform integration)
2026-05-21T10:58:36.416+05:30  INFO 6744 --- [mill] [main] j.LocalContainerEntityManagerFactoryBean : Initialized JPA EntityManagerFactory for persistence unit 'default'
2026-05-21T10:58:36.601+05:30  INFO 6744 --- [mill] [main] o.s.b.a.e.web.EndpointLinksResolver      : Exposing 4 endpoints beneath base path '/actuator'
2026-05-21T10:58:36.620+05:30  WARN 6744 --- [mill] [main] .s.s.UserDetailsServiceAutoConfiguration : 

Using generated security password: ae087bfe-168c-4d21-8373-b75f87e88ebd

This generated password is for development use only. Your security configuration must be updated before running your application in production.

2026-05-21T10:58:36.623+05:30  INFO 6744 --- [mill] [main] r$InitializeUserDetailsManagerConfigurer : Global AuthenticationManager configured with UserDetailsService bean with name inMemoryUserDetailsManager
2026-05-21T10:58:36.890+05:30  INFO 6744 --- [mill] [main] o.s.b.w.embedded.tomcat.TomcatWebServer  : Tomcat started on port 8080 (http) with context path '/'
2026-05-21T10:58:36.900+05:30  INFO 6744 --- [mill] [main] c.mill.sugarmill.SugarmillApplication    : Started SugarmillApplication in 2.661 seconds (process running for 3.14)
2026-05-21T10:58:37.049+05:30  INFO 6744 --- [mill] [RMI TCP Connection(4)-172.27.224.1] o.a.c.c.C.[Tomcat].[localhost].[/]       : Initializing Spring DispatcherServlet 'dispatcherServlet'
2026-05-21T10:58:37.049+05:30  INFO 6744 --- [mill] [RMI TCP Connection(4)-172.27.224.1] o.s.web.servlet.DispatcherServlet        : Initializing Servlet 'dispatcherServlet'
2026-05-21T10:58:37.050+05:30  INFO 6744 --- [mill] [RMI TCP Connection(4)-172.27.224.1] o.s.web.servlet.DispatcherServlet        : Completed initialization in 1 ms
2026-05-21T11:01:49.902+05:30  INFO 6744 --- [mill] [SpringApplicationShutdownHook] o.s.b.w.e.tomcat.GracefulShutdown        : Commencing graceful shutdown. Waiting for active requests to complete
2026-05-21T11:01:50.142+05:30  INFO 6744 --- [mill] [tomcat-shutdown] o.s.b.w.e.tomcat.GracefulShutdown        : Graceful shutdown complete
2026-05-21T11:01:50.151+05:30  INFO 6744 --- [mill] [SpringApplicationShutdownHook] j.LocalContainerEntityManagerFactoryBean : Closing JPA EntityManagerFactory for persistence unit 'default'
2026-05-21T11:01:50.153+05:30  INFO 6744 --- [mill] [SpringApplicationShutdownHook] com.zaxxer.hikari.HikariDataSource       : HikariPool-Sugarmill - Shutdown initiated...
2026-05-21T11:01:50.156+05:30  INFO 6744 --- [mill] [SpringApplicationShutdownHook] com.zaxxer.hikari.HikariDataSource       : HikariPool-Sugarmill - Shutdown completed.
2026-05-21T11:01:52.119+05:30  INFO 11108 --- [mill] [main] c.mill.sugarmill.SugarmillApplication    : Starting SugarmillApplication using Java 17.0.12 with PID 11108 (G:\resume\sugarmill\target\classes started by IMSRFZ in G:\resume\sugarmill)
2026-05-21T11:01:52.121+05:30  INFO 11108 --- [mill] [main] c.mill.sugarmill.SugarmillApplication    : No active profile set, falling back to 1 default profile: "default"
2026-05-21T11:01:52.842+05:30  INFO 11108 --- [mill] [main] .s.d.r.c.RepositoryConfigurationDelegate : Bootstrapping Spring Data JPA repositories in DEFAULT mode.
2026-05-21T11:01:52.856+05:30  INFO 11108 --- [mill] [main] .s.d.r.c.RepositoryConfigurationDelegate : Finished Spring Data repository scanning in 9 ms. Found 0 JPA repository interfaces.
2026-05-21T11:01:53.219+05:30  INFO 11108 --- [mill] [main] o.s.b.w.embedded.tomcat.TomcatWebServer  : Tomcat initialized with port 8080 (http)
2026-05-21T11:01:53.229+05:30  INFO 11108 --- [mill] [main] o.apache.catalina.core.StandardService   : Starting service [Tomcat]
2026-05-21T11:01:53.229+05:30  INFO 11108 --- [mill] [main] o.apache.catalina.core.StandardEngine    : Starting Servlet engine: [Apache Tomcat/10.1.54]
2026-05-21T11:01:53.271+05:30  INFO 11108 --- [mill] [main] o.a.c.c.C.[Tomcat].[localhost].[/]       : Initializing Spring embedded WebApplicationContext
2026-05-21T11:01:53.271+05:30  INFO 11108 --- [mill] [main] w.s.c.ServletWebServerApplicationContext : Root WebApplicationContext: initialization completed in 1115 ms
2026-05-21T11:01:53.525+05:30  INFO 11108 --- [mill] [main] com.zaxxer.hikari.HikariDataSource       : HikariPool-Sugarmill - Starting...
2026-05-21T11:01:53.638+05:30  INFO 11108 --- [mill] [main] com.zaxxer.hikari.pool.HikariPool        : HikariPool-Sugarmill - Added connection org.postgresql.jdbc.PgConnection@c6a692e
2026-05-21T11:01:53.640+05:30  INFO 11108 --- [mill] [main] com.zaxxer.hikari.HikariDataSource       : HikariPool-Sugarmill - Start completed.
2026-05-21T11:01:53.665+05:30  INFO 11108 --- [mill] [main] org.flywaydb.core.FlywayExecutor         : Database: jdbc:postgresql://localhost:5432/sugarmill_pdb (PostgreSQL 16.13)
2026-05-21T11:01:53.734+05:30  INFO 11108 --- [mill] [main] o.f.core.internal.command.DbValidate     : Successfully validated 1 migration (execution time 00:00.036s)
2026-05-21T11:01:53.788+05:30  INFO 11108 --- [mill] [main] o.f.core.internal.command.DbMigrate      : Current version of schema "public": << Empty Schema >>
2026-05-21T11:01:53.802+05:30  INFO 11108 --- [mill] [main] o.f.core.internal.command.DbMigrate      : Migrating schema "public" to version "1 - Create permission table"
2026-05-21T11:01:53.883+05:30  INFO 11108 --- [mill] [main] o.f.core.internal.command.DbMigrate      : Successfully applied 1 migration to schema "public", now at version v1 (execution time 00:00.050s)
2026-05-21T11:01:53.938+05:30  INFO 11108 --- [mill] [main] o.hibernate.jpa.internal.util.LogHelper  : HHH000204: Processing PersistenceUnitInfo [name: default]
2026-05-21T11:01:53.971+05:30  INFO 11108 --- [mill] [main] org.hibernate.Version                    : HHH000412: Hibernate ORM core version 6.6.49.Final
2026-05-21T11:01:53.992+05:30  INFO 11108 --- [mill] [main] o.h.c.internal.RegionFactoryInitiator    : HHH000026: Second-level cache disabled
2026-05-21T11:01:54.160+05:30  INFO 11108 --- [mill] [main] o.s.o.j.p.SpringPersistenceUnitInfo      : No LoadTimeWeaver setup: ignoring JPA class transformer
2026-05-21T11:01:54.201+05:30  WARN 11108 --- [mill] [main] org.hibernate.orm.deprecation            : HHH90000025: PostgreSQLDialect does not need to be specified explicitly using 'hibernate.dialect' (remove the property setting and it will be selected by default)
2026-05-21T11:01:54.218+05:30  INFO 11108 --- [mill] [main] org.hibernate.orm.connections.pooling    : HHH10001005: Database info:
	Database JDBC URL [Connecting through datasource 'HikariDataSource (HikariPool-Sugarmill)']
	Database driver: undefined/unknown
	Database version: 16.13
	Autocommit mode: undefined/unknown
	Isolation level: undefined/unknown
	Minimum pool size: undefined/unknown
	Maximum pool size: undefined/unknown
2026-05-21T11:01:54.447+05:30  INFO 11108 --- [mill] [main] o.h.e.t.j.p.i.JtaPlatformInitiator       : HHH000489: No JTA platform available (set 'hibernate.transaction.jta.platform' to enable JTA platform integration)
2026-05-21T11:01:54.450+05:30  INFO 11108 --- [mill] [main] j.LocalContainerEntityManagerFactoryBean : Initialized JPA EntityManagerFactory for persistence unit 'default'
2026-05-21T11:01:54.681+05:30  INFO 11108 --- [mill] [main] o.s.b.a.e.web.EndpointLinksResolver      : Exposing 4 endpoints beneath base path '/actuator'
2026-05-21T11:01:54.708+05:30  WARN 11108 --- [mill] [main] .s.s.UserDetailsServiceAutoConfiguration : 

Using generated security password: 3eeb6e87-fc97-4458-b134-0fbcf5f14327

This generated password is for development use only. Your security configuration must be updated before running your application in production.

2026-05-21T11:01:54.713+05:30  INFO 11108 --- [mill] [main] r$InitializeUserDetailsManagerConfigurer : Global AuthenticationManager configured with UserDetailsService bean with name inMemoryUserDetailsManager
2026-05-21T11:01:55.041+05:30  INFO 11108 --- [mill] [main] o.s.b.w.embedded.tomcat.TomcatWebServer  : Tomcat started on port 8080 (http) with context path '/'
2026-05-21T11:01:55.055+05:30  INFO 11108 --- [mill] [main] c.mill.sugarmill.SugarmillApplication    : Started SugarmillApplication in 3.39 seconds (process running for 3.916)
2026-05-21T11:01:55.334+05:30  INFO 11108 --- [mill] [RMI TCP Connection(2)-172.27.224.1] o.a.c.c.C.[Tomcat].[localhost].[/]       : Initializing Spring DispatcherServlet 'dispatcherServlet'
2026-05-21T11:01:55.334+05:30  INFO 11108 --- [mill] [RMI TCP Connection(2)-172.27.224.1] o.s.web.servlet.DispatcherServlet        : Initializing Servlet 'dispatcherServlet'
2026-05-21T11:01:55.336+05:30  INFO 11108 --- [mill] [RMI TCP Connection(2)-172.27.224.1] o.s.web.servlet.DispatcherServlet        : Completed initialization in 1 ms
2026-05-21T11:02:01.012+05:30  WARN 11108 --- [mill] [http-nio-8080-exec-1] o.s.web.servlet.PageNotFound             : No mapping for GET /
2026-05-21T11:02:01.021+05:30  WARN 11108 --- [mill] [http-nio-8080-exec-1] o.s.web.servlet.PageNotFound             : No endpoint GET /.
2026-05-21T11:22:24.652+05:30  INFO 11108 --- [mill] [SpringApplicationShutdownHook] o.s.b.w.e.tomcat.GracefulShutdown        : Commencing graceful shutdown. Waiting for active requests to complete
2026-05-21T11:22:24.826+05:30  INFO 11108 --- [mill] [tomcat-shutdown] o.s.b.w.e.tomcat.GracefulShutdown        : Graceful shutdown complete
2026-05-21T11:22:24.832+05:30  INFO 11108 --- [mill] [SpringApplicationShutdownHook] j.LocalContainerEntityManagerFactoryBean : Closing JPA EntityManagerFactory for persistence unit 'default'
2026-05-21T11:22:24.833+05:30  INFO 11108 --- [mill] [SpringApplicationShutdownHook] com.zaxxer.hikari.HikariDataSource       : HikariPool-Sugarmill - Shutdown initiated...
2026-05-21T11:22:24.835+05:30  INFO 11108 --- [mill] [SpringApplicationShutdownHook] com.zaxxer.hikari.HikariDataSource       : HikariPool-Sugarmill - Shutdown completed.
2026-05-21T11:22:28.143+05:30  INFO 15500 --- [mill] [main] c.mill.sugarmill.SugarmillApplication    : Starting SugarmillApplication using Java 17.0.12 with PID 15500 (G:\resume\sugarmill\target\classes started by IMSRFZ in G:\resume\sugarmill)
2026-05-21T11:22:28.146+05:30  INFO 15500 --- [mill] [main] c.mill.sugarmill.SugarmillApplication    : No active profile set, falling back to 1 default profile: "default"
2026-05-21T11:22:28.833+05:30  INFO 15500 --- [mill] [main] .s.d.r.c.RepositoryConfigurationDelegate : Bootstrapping Spring Data JPA repositories in DEFAULT mode.
2026-05-21T11:22:28.848+05:30  INFO 15500 --- [mill] [main] .s.d.r.c.RepositoryConfigurationDelegate : Finished Spring Data repository scanning in 9 ms. Found 0 JPA repository interfaces.
2026-05-21T11:22:29.293+05:30  INFO 15500 --- [mill] [main] o.s.b.w.embedded.tomcat.TomcatWebServer  : Tomcat initialized with port 8080 (http)
2026-05-21T11:22:29.304+05:30  INFO 15500 --- [mill] [main] o.apache.catalina.core.StandardService   : Starting service [Tomcat]
2026-05-21T11:22:29.304+05:30  INFO 15500 --- [mill] [main] o.apache.catalina.core.StandardEngine    : Starting Servlet engine: [Apache Tomcat/10.1.54]
2026-05-21T11:22:29.345+05:30  INFO 15500 --- [mill] [main] o.a.c.c.C.[Tomcat].[localhost].[/]       : Initializing Spring embedded WebApplicationContext
2026-05-21T11:22:29.346+05:30  INFO 15500 --- [mill] [main] w.s.c.ServletWebServerApplicationContext : Root WebApplicationContext: initialization completed in 1166 ms
2026-05-21T11:22:29.591+05:30  INFO 15500 --- [mill] [main] com.zaxxer.hikari.HikariDataSource       : HikariPool-Sugarmill - Starting...
2026-05-21T11:22:29.701+05:30  INFO 15500 --- [mill] [main] com.zaxxer.hikari.pool.HikariPool        : HikariPool-Sugarmill - Added connection org.postgresql.jdbc.PgConnection@3e39f08c
2026-05-21T11:22:29.702+05:30  INFO 15500 --- [mill] [main] com.zaxxer.hikari.HikariDataSource       : HikariPool-Sugarmill - Start completed.
2026-05-21T11:22:29.726+05:30  INFO 15500 --- [mill] [main] org.flywaydb.core.FlywayExecutor         : Database: jdbc:postgresql://localhost:5432/sugarmill_pdb (PostgreSQL 16.13)
2026-05-21T11:22:29.788+05:30  INFO 15500 --- [mill] [main] o.f.core.internal.command.DbValidate     : Successfully validated 1 migration (execution time 00:00.032s)
2026-05-21T11:22:29.843+05:30  INFO 15500 --- [mill] [main] o.f.core.internal.command.DbMigrate      : Current version of schema "public": << Empty Schema >>
2026-05-21T11:22:29.856+05:30  INFO 15500 --- [mill] [main] o.f.core.internal.command.DbMigrate      : Migrating schema "public" to version "1 - Create permission table"
2026-05-21T11:22:29.911+05:30  INFO 15500 --- [mill] [main] o.f.core.internal.command.DbMigrate      : Successfully applied 1 migration to schema "public", now at version v1 (execution time 00:00.031s)
2026-05-21T11:22:29.967+05:30  INFO 15500 --- [mill] [main] o.hibernate.jpa.internal.util.LogHelper  : HHH000204: Processing PersistenceUnitInfo [name: default]
2026-05-21T11:22:29.993+05:30  INFO 15500 --- [mill] [main] org.hibernate.Version                    : HHH000412: Hibernate ORM core version 6.6.49.Final
2026-05-21T11:22:30.012+05:30  INFO 15500 --- [mill] [main] o.h.c.internal.RegionFactoryInitiator    : HHH000026: Second-level cache disabled
2026-05-21T11:22:30.185+05:30  INFO 15500 --- [mill] [main] o.s.o.j.p.SpringPersistenceUnitInfo      : No LoadTimeWeaver setup: ignoring JPA class transformer
2026-05-21T11:22:30.218+05:30  WARN 15500 --- [mill] [main] org.hibernate.orm.deprecation            : HHH90000025: PostgreSQLDialect does not need to be specified explicitly using 'hibernate.dialect' (remove the property setting and it will be selected by default)
2026-05-21T11:22:30.231+05:30  INFO 15500 --- [mill] [main] org.hibernate.orm.connections.pooling    : HHH10001005: Database info:
	Database JDBC URL [Connecting through datasource 'HikariDataSource (HikariPool-Sugarmill)']
	Database driver: undefined/unknown
	Database version: 16.13
	Autocommit mode: undefined/unknown
	Isolation level: undefined/unknown
	Minimum pool size: undefined/unknown
	Maximum pool size: undefined/unknown
2026-05-21T11:22:30.806+05:30  INFO 15500 --- [mill] [main] o.h.e.t.j.p.i.JtaPlatformInitiator       : HHH000489: No JTA platform available (set 'hibernate.transaction.jta.platform' to enable JTA platform integration)
2026-05-21T11:22:30.852+05:30  INFO 15500 --- [mill] [main] j.LocalContainerEntityManagerFactoryBean : Initialized JPA EntityManagerFactory for persistence unit 'default'
2026-05-21T11:22:31.042+05:30  INFO 15500 --- [mill] [main] o.s.b.a.e.web.EndpointLinksResolver      : Exposing 4 endpoints beneath base path '/actuator'
2026-05-21T11:22:31.061+05:30  WARN 15500 --- [mill] [main] .s.s.UserDetailsServiceAutoConfiguration : 

Using generated security password: 3e314b86-094e-48cf-a614-a52ce6a9fcc9

This generated password is for development use only. Your security configuration must be updated before running your application in production.

2026-05-21T11:22:31.066+05:30  INFO 15500 --- [mill] [main] r$InitializeUserDetailsManagerConfigurer : Global AuthenticationManager configured with UserDetailsService bean with name inMemoryUserDetailsManager
2026-05-21T11:22:31.390+05:30  INFO 15500 --- [mill] [main] o.s.b.w.embedded.tomcat.TomcatWebServer  : Tomcat started on port 8080 (http) with context path '/'
2026-05-21T11:22:31.400+05:30  INFO 15500 --- [mill] [main] c.mill.sugarmill.SugarmillApplication    : Started SugarmillApplication in 3.719 seconds (process running for 4.197)
2026-05-21T11:22:31.950+05:30  INFO 15500 --- [mill] [RMI TCP Connection(1)-172.27.224.1] o.a.c.c.C.[Tomcat].[localhost].[/]       : Initializing Spring DispatcherServlet 'dispatcherServlet'
2026-05-21T11:22:31.950+05:30  INFO 15500 --- [mill] [RMI TCP Connection(1)-172.27.224.1] o.s.web.servlet.DispatcherServlet        : Initializing Servlet 'dispatcherServlet'
2026-05-21T11:22:31.952+05:30  INFO 15500 --- [mill] [RMI TCP Connection(1)-172.27.224.1] o.s.web.servlet.DispatcherServlet        : Completed initialization in 2 ms
2026-05-21T11:22:47.992+05:30  WARN 15500 --- [mill] [http-nio-8080-exec-1] o.s.web.servlet.PageNotFound             : No mapping for GET /
2026-05-21T11:22:48.002+05:30  WARN 15500 --- [mill] [http-nio-8080-exec-1] o.s.web.servlet.PageNotFound             : No endpoint GET /.
2026-05-21T11:23:24.982+05:30  INFO 15500 --- [mill] [SpringApplicationShutdownHook] o.s.b.w.e.tomcat.GracefulShutdown        : Commencing graceful shutdown. Waiting for active requests to complete
2026-05-21T11:23:25.230+05:30  INFO 15500 --- [mill] [tomcat-shutdown] o.s.b.w.e.tomcat.GracefulShutdown        : Graceful shutdown complete
2026-05-21T11:23:25.236+05:30  INFO 15500 --- [mill] [SpringApplicationShutdownHook] j.LocalContainerEntityManagerFactoryBean : Closing JPA EntityManagerFactory for persistence unit 'default'
2026-05-21T11:23:25.239+05:30  INFO 15500 --- [mill] [SpringApplicationShutdownHook] com.zaxxer.hikari.HikariDataSource       : HikariPool-Sugarmill - Shutdown initiated...
2026-05-21T11:23:25.242+05:30  INFO 15500 --- [mill] [SpringApplicationShutdownHook] com.zaxxer.hikari.HikariDataSource       : HikariPool-Sugarmill - Shutdown completed.
